error: Error: Error al agregar un producto al carrito. {"error":"Error registrado"}
error: Este es un mensaje de error
error: Error: token invalido, error {"error":"Error registrado"}
error: Este es un mensaje de error
error: Error: Error al agregar un producto al carrito. {"error":"Error registrado"}
error: Este es un mensaje de error
error: Error: token invalido, error {"error":"Error registrado"}
error: Este es un mensaje de error
error: Error: token invalido, error {"error":"Error registrado"}
error: Este es un mensaje de error
error: Error: token invalido, error {"error":"Error registrado"}
error: Este es un mensaje de error
error: Error: token invalido, error {"error":"Error registrado"}
error: Este es un mensaje de error
error: Error: No se pudo obtener los productos. {"error":"Error registrado"}
error: Este es un mensaje de error
error: Error: No se pudo obtener los productos. {"error":"Error registrado"}
error: Este es un mensaje de error
error: Error: Error al agregar un producto al carrito. {"error":"Error registrado"}
error: Este es un mensaje de error
error: Error: No se pudo obtener los productos. {"error":"Error registrado"}
error: Este es un mensaje de error
error: Error: No se pudo obtener los productos. {"error":"Error registrado"}
error: Este es un mensaje de error
error: Error: Error al completar la compra del carrito. {"error":"Error registrado"}
error: Este es un mensaje de error
error: Error: Error al agregar un producto al carrito. {"error":"Error registrado"}
error: Este es un mensaje de error
error: ❌ ~ passport.use ~ login ~ error: UsersDao.getUserByEmail is not a function {"stack":"TypeError: UsersDao.getUserByEmail is not a function\n    at Strategy._verify (file:///C:/Users/Jessy/Desktop/coder%20BAckend/clase19-cookies2/src/config/passport.config.js:50:49)\n    at Strategy.authenticate (C:\\Users\\Jessy\\Desktop\\coder BAckend\\clase19-cookies2\\node_modules\\passport-local\\lib\\strategy.js:90:12)\n    at attempt (C:\\Users\\Jessy\\Desktop\\coder BAckend\\clase19-cookies2\\node_modules\\passport\\lib\\middleware\\authenticate.js:378:16)\n    at authenticate (C:\\Users\\Jessy\\Desktop\\coder BAckend\\clase19-cookies2\\node_modules\\passport\\lib\\middleware\\authenticate.js:379:7)\n    at login (file:///C:/Users/Jessy/Desktop/coder%20BAckend/clase19-cookies2/src/controllers/SessionControllers.js:50:11)\n    at Layer.handle [as handle_request] (C:\\Users\\Jessy\\Desktop\\coder BAckend\\clase19-cookies2\\node_modules\\express\\lib\\router\\layer.js:95:5)\n    at next (C:\\Users\\Jessy\\Desktop\\coder BAckend\\clase19-cookies2\\node_modules\\express\\lib\\router\\route.js:144:13)\n    at Route.dispatch (C:\\Users\\Jessy\\Desktop\\coder BAckend\\clase19-cookies2\\node_modules\\express\\lib\\router\\route.js:114:3)\n    at Layer.handle [as handle_request] (C:\\Users\\Jessy\\Desktop\\coder BAckend\\clase19-cookies2\\node_modules\\express\\lib\\router\\layer.js:95:5)\n    at C:\\Users\\Jessy\\Desktop\\coder BAckend\\clase19-cookies2\\node_modules\\express\\lib\\router\\index.js:284:15"}
error: ❌ ~ passport.use ~ login ~ error: UsersDao.getUserByEmail is not a function {"stack":"TypeError: UsersDao.getUserByEmail is not a function\n    at Strategy._verify (file:///C:/Users/Jessy/Desktop/coder%20BAckend/clase19-cookies2/src/config/passport.config.js:50:49)\n    at Strategy.authenticate (C:\\Users\\Jessy\\Desktop\\coder BAckend\\clase19-cookies2\\node_modules\\passport-local\\lib\\strategy.js:90:12)\n    at attempt (C:\\Users\\Jessy\\Desktop\\coder BAckend\\clase19-cookies2\\node_modules\\passport\\lib\\middleware\\authenticate.js:378:16)\n    at authenticate (C:\\Users\\Jessy\\Desktop\\coder BAckend\\clase19-cookies2\\node_modules\\passport\\lib\\middleware\\authenticate.js:379:7)\n    at login (file:///C:/Users/Jessy/Desktop/coder%20BAckend/clase19-cookies2/src/controllers/SessionControllers.js:51:11)\n    at Layer.handle [as handle_request] (C:\\Users\\Jessy\\Desktop\\coder BAckend\\clase19-cookies2\\node_modules\\express\\lib\\router\\layer.js:95:5)\n    at next (C:\\Users\\Jessy\\Desktop\\coder BAckend\\clase19-cookies2\\node_modules\\express\\lib\\router\\route.js:144:13)\n    at Route.dispatch (C:\\Users\\Jessy\\Desktop\\coder BAckend\\clase19-cookies2\\node_modules\\express\\lib\\router\\route.js:114:3)\n    at Layer.handle [as handle_request] (C:\\Users\\Jessy\\Desktop\\coder BAckend\\clase19-cookies2\\node_modules\\express\\lib\\router\\layer.js:95:5)\n    at C:\\Users\\Jessy\\Desktop\\coder BAckend\\clase19-cookies2\\node_modules\\express\\lib\\router\\index.js:284:15"}
error: Error during login: UsersDao.getUserByEmail is not a function {"stack":"TypeError: UsersDao.getUserByEmail is not a function\n    at Strategy._verify (file:///C:/Users/Jessy/Desktop/coder%20BAckend/clase19-cookies2/src/config/passport.config.js:50:49)\n    at Strategy.authenticate (C:\\Users\\Jessy\\Desktop\\coder BAckend\\clase19-cookies2\\node_modules\\passport-local\\lib\\strategy.js:90:12)\n    at attempt (C:\\Users\\Jessy\\Desktop\\coder BAckend\\clase19-cookies2\\node_modules\\passport\\lib\\middleware\\authenticate.js:378:16)\n    at authenticate (C:\\Users\\Jessy\\Desktop\\coder BAckend\\clase19-cookies2\\node_modules\\passport\\lib\\middleware\\authenticate.js:379:7)\n    at login (file:///C:/Users/Jessy/Desktop/coder%20BAckend/clase19-cookies2/src/controllers/SessionControllers.js:51:11)\n    at Layer.handle [as handle_request] (C:\\Users\\Jessy\\Desktop\\coder BAckend\\clase19-cookies2\\node_modules\\express\\lib\\router\\layer.js:95:5)\n    at next (C:\\Users\\Jessy\\Desktop\\coder BAckend\\clase19-cookies2\\node_modules\\express\\lib\\router\\route.js:144:13)\n    at Route.dispatch (C:\\Users\\Jessy\\Desktop\\coder BAckend\\clase19-cookies2\\node_modules\\express\\lib\\router\\route.js:114:3)\n    at Layer.handle [as handle_request] (C:\\Users\\Jessy\\Desktop\\coder BAckend\\clase19-cookies2\\node_modules\\express\\lib\\router\\layer.js:95:5)\n    at C:\\Users\\Jessy\\Desktop\\coder BAckend\\clase19-cookies2\\node_modules\\express\\lib\\router\\index.js:284:15"}
error: ❌ ~ passport.use ~ login ~ error: UsersDao.getUserByEmail is not a function {"stack":"TypeError: UsersDao.getUserByEmail is not a function\n    at Strategy._verify (file:///C:/Users/Jessy/Desktop/coder%20BAckend/clase19-cookies2/src/config/passport.config.js:50:49)\n    at Strategy.authenticate (C:\\Users\\Jessy\\Desktop\\coder BAckend\\clase19-cookies2\\node_modules\\passport-local\\lib\\strategy.js:90:12)\n    at attempt (C:\\Users\\Jessy\\Desktop\\coder BAckend\\clase19-cookies2\\node_modules\\passport\\lib\\middleware\\authenticate.js:378:16)\n    at authenticate (C:\\Users\\Jessy\\Desktop\\coder BAckend\\clase19-cookies2\\node_modules\\passport\\lib\\middleware\\authenticate.js:379:7)\n    at login (file:///C:/Users/Jessy/Desktop/coder%20BAckend/clase19-cookies2/src/controllers/SessionControllers.js:51:11)\n    at Layer.handle [as handle_request] (C:\\Users\\Jessy\\Desktop\\coder BAckend\\clase19-cookies2\\node_modules\\express\\lib\\router\\layer.js:95:5)\n    at next (C:\\Users\\Jessy\\Desktop\\coder BAckend\\clase19-cookies2\\node_modules\\express\\lib\\router\\route.js:144:13)\n    at Route.dispatch (C:\\Users\\Jessy\\Desktop\\coder BAckend\\clase19-cookies2\\node_modules\\express\\lib\\router\\route.js:114:3)\n    at Layer.handle [as handle_request] (C:\\Users\\Jessy\\Desktop\\coder BAckend\\clase19-cookies2\\node_modules\\express\\lib\\router\\layer.js:95:5)\n    at C:\\Users\\Jessy\\Desktop\\coder BAckend\\clase19-cookies2\\node_modules\\express\\lib\\router\\index.js:284:15"}
error: Error during login: UsersDao.getUserByEmail is not a function {"stack":"TypeError: UsersDao.getUserByEmail is not a function\n    at Strategy._verify (file:///C:/Users/Jessy/Desktop/coder%20BAckend/clase19-cookies2/src/config/passport.config.js:50:49)\n    at Strategy.authenticate (C:\\Users\\Jessy\\Desktop\\coder BAckend\\clase19-cookies2\\node_modules\\passport-local\\lib\\strategy.js:90:12)\n    at attempt (C:\\Users\\Jessy\\Desktop\\coder BAckend\\clase19-cookies2\\node_modules\\passport\\lib\\middleware\\authenticate.js:378:16)\n    at authenticate (C:\\Users\\Jessy\\Desktop\\coder BAckend\\clase19-cookies2\\node_modules\\passport\\lib\\middleware\\authenticate.js:379:7)\n    at login (file:///C:/Users/Jessy/Desktop/coder%20BAckend/clase19-cookies2/src/controllers/SessionControllers.js:51:11)\n    at Layer.handle [as handle_request] (C:\\Users\\Jessy\\Desktop\\coder BAckend\\clase19-cookies2\\node_modules\\express\\lib\\router\\layer.js:95:5)\n    at next (C:\\Users\\Jessy\\Desktop\\coder BAckend\\clase19-cookies2\\node_modules\\express\\lib\\router\\route.js:144:13)\n    at Route.dispatch (C:\\Users\\Jessy\\Desktop\\coder BAckend\\clase19-cookies2\\node_modules\\express\\lib\\router\\route.js:114:3)\n    at Layer.handle [as handle_request] (C:\\Users\\Jessy\\Desktop\\coder BAckend\\clase19-cookies2\\node_modules\\express\\lib\\router\\layer.js:95:5)\n    at C:\\Users\\Jessy\\Desktop\\coder BAckend\\clase19-cookies2\\node_modules\\express\\lib\\router\\index.js:284:15"}
error: ❌ ~ passport.use ~ login ~ error: UsersDao.getUserByEmail is not a function {"stack":"TypeError: UsersDao.getUserByEmail is not a function\n    at Strategy._verify (file:///C:/Users/Jessy/Desktop/coder%20BAckend/clase19-cookies2/src/config/passport.config.js:50:49)\n    at Strategy.authenticate (C:\\Users\\Jessy\\Desktop\\coder BAckend\\clase19-cookies2\\node_modules\\passport-local\\lib\\strategy.js:90:12)\n    at attempt (C:\\Users\\Jessy\\Desktop\\coder BAckend\\clase19-cookies2\\node_modules\\passport\\lib\\middleware\\authenticate.js:378:16)\n    at authenticate (C:\\Users\\Jessy\\Desktop\\coder BAckend\\clase19-cookies2\\node_modules\\passport\\lib\\middleware\\authenticate.js:379:7)\n    at login (file:///C:/Users/Jessy/Desktop/coder%20BAckend/clase19-cookies2/src/controllers/SessionControllers.js:51:11)\n    at Layer.handle [as handle_request] (C:\\Users\\Jessy\\Desktop\\coder BAckend\\clase19-cookies2\\node_modules\\express\\lib\\router\\layer.js:95:5)\n    at next (C:\\Users\\Jessy\\Desktop\\coder BAckend\\clase19-cookies2\\node_modules\\express\\lib\\router\\route.js:144:13)\n    at Route.dispatch (C:\\Users\\Jessy\\Desktop\\coder BAckend\\clase19-cookies2\\node_modules\\express\\lib\\router\\route.js:114:3)\n    at Layer.handle [as handle_request] (C:\\Users\\Jessy\\Desktop\\coder BAckend\\clase19-cookies2\\node_modules\\express\\lib\\router\\layer.js:95:5)\n    at C:\\Users\\Jessy\\Desktop\\coder BAckend\\clase19-cookies2\\node_modules\\express\\lib\\router\\index.js:284:15"}
error: Error during login: UsersDao.getUserByEmail is not a function {"stack":"TypeError: UsersDao.getUserByEmail is not a function\n    at Strategy._verify (file:///C:/Users/Jessy/Desktop/coder%20BAckend/clase19-cookies2/src/config/passport.config.js:50:49)\n    at Strategy.authenticate (C:\\Users\\Jessy\\Desktop\\coder BAckend\\clase19-cookies2\\node_modules\\passport-local\\lib\\strategy.js:90:12)\n    at attempt (C:\\Users\\Jessy\\Desktop\\coder BAckend\\clase19-cookies2\\node_modules\\passport\\lib\\middleware\\authenticate.js:378:16)\n    at authenticate (C:\\Users\\Jessy\\Desktop\\coder BAckend\\clase19-cookies2\\node_modules\\passport\\lib\\middleware\\authenticate.js:379:7)\n    at login (file:///C:/Users/Jessy/Desktop/coder%20BAckend/clase19-cookies2/src/controllers/SessionControllers.js:51:11)\n    at Layer.handle [as handle_request] (C:\\Users\\Jessy\\Desktop\\coder BAckend\\clase19-cookies2\\node_modules\\express\\lib\\router\\layer.js:95:5)\n    at next (C:\\Users\\Jessy\\Desktop\\coder BAckend\\clase19-cookies2\\node_modules\\express\\lib\\router\\route.js:144:13)\n    at Route.dispatch (C:\\Users\\Jessy\\Desktop\\coder BAckend\\clase19-cookies2\\node_modules\\express\\lib\\router\\route.js:114:3)\n    at Layer.handle [as handle_request] (C:\\Users\\Jessy\\Desktop\\coder BAckend\\clase19-cookies2\\node_modules\\express\\lib\\router\\layer.js:95:5)\n    at C:\\Users\\Jessy\\Desktop\\coder BAckend\\clase19-cookies2\\node_modules\\express\\lib\\router\\index.js:284:15"}
error: ❌ ~ passport.use ~ login ~ error: UsersDao.getUserByEmail is not a function {"stack":"TypeError: UsersDao.getUserByEmail is not a function\n    at Strategy._verify (file:///C:/Users/Jessy/Desktop/coder%20BAckend/clase19-cookies2/src/config/passport.config.js:50:49)\n    at Strategy.authenticate (C:\\Users\\Jessy\\Desktop\\coder BAckend\\clase19-cookies2\\node_modules\\passport-local\\lib\\strategy.js:90:12)\n    at attempt (C:\\Users\\Jessy\\Desktop\\coder BAckend\\clase19-cookies2\\node_modules\\passport\\lib\\middleware\\authenticate.js:378:16)\n    at authenticate (C:\\Users\\Jessy\\Desktop\\coder BAckend\\clase19-cookies2\\node_modules\\passport\\lib\\middleware\\authenticate.js:379:7)\n    at login (file:///C:/Users/Jessy/Desktop/coder%20BAckend/clase19-cookies2/src/controllers/SessionControllers.js:54:11)\n    at Layer.handle [as handle_request] (C:\\Users\\Jessy\\Desktop\\coder BAckend\\clase19-cookies2\\node_modules\\express\\lib\\router\\layer.js:95:5)\n    at next (C:\\Users\\Jessy\\Desktop\\coder BAckend\\clase19-cookies2\\node_modules\\express\\lib\\router\\route.js:144:13)\n    at Route.dispatch (C:\\Users\\Jessy\\Desktop\\coder BAckend\\clase19-cookies2\\node_modules\\express\\lib\\router\\route.js:114:3)\n    at Layer.handle [as handle_request] (C:\\Users\\Jessy\\Desktop\\coder BAckend\\clase19-cookies2\\node_modules\\express\\lib\\router\\layer.js:95:5)\n    at C:\\Users\\Jessy\\Desktop\\coder BAckend\\clase19-cookies2\\node_modules\\express\\lib\\router\\index.js:284:15"}
error: Error during login: UsersDao.getUserByEmail is not a function {"stack":"TypeError: UsersDao.getUserByEmail is not a function\n    at Strategy._verify (file:///C:/Users/Jessy/Desktop/coder%20BAckend/clase19-cookies2/src/config/passport.config.js:50:49)\n    at Strategy.authenticate (C:\\Users\\Jessy\\Desktop\\coder BAckend\\clase19-cookies2\\node_modules\\passport-local\\lib\\strategy.js:90:12)\n    at attempt (C:\\Users\\Jessy\\Desktop\\coder BAckend\\clase19-cookies2\\node_modules\\passport\\lib\\middleware\\authenticate.js:378:16)\n    at authenticate (C:\\Users\\Jessy\\Desktop\\coder BAckend\\clase19-cookies2\\node_modules\\passport\\lib\\middleware\\authenticate.js:379:7)\n    at login (file:///C:/Users/Jessy/Desktop/coder%20BAckend/clase19-cookies2/src/controllers/SessionControllers.js:54:11)\n    at Layer.handle [as handle_request] (C:\\Users\\Jessy\\Desktop\\coder BAckend\\clase19-cookies2\\node_modules\\express\\lib\\router\\layer.js:95:5)\n    at next (C:\\Users\\Jessy\\Desktop\\coder BAckend\\clase19-cookies2\\node_modules\\express\\lib\\router\\route.js:144:13)\n    at Route.dispatch (C:\\Users\\Jessy\\Desktop\\coder BAckend\\clase19-cookies2\\node_modules\\express\\lib\\router\\route.js:114:3)\n    at Layer.handle [as handle_request] (C:\\Users\\Jessy\\Desktop\\coder BAckend\\clase19-cookies2\\node_modules\\express\\lib\\router\\layer.js:95:5)\n    at C:\\Users\\Jessy\\Desktop\\coder BAckend\\clase19-cookies2\\node_modules\\express\\lib\\router\\index.js:284:15"}
error: ❌ ~ passport.use ~ login ~ error: data and hash arguments required {"stack":"Error: data and hash arguments required\n    at Object.compareSync (C:\\Users\\Jessy\\Desktop\\coder BAckend\\clase19-cookies2\\node_modules\\bcrypt\\bcrypt.js:166:15)\n    at isValidPassword (file:///C:/Users/Jessy/Desktop/coder%20BAckend/clase19-cookies2/src/utils/utils.js:12:58)\n    at Strategy._verify (file:///C:/Users/Jessy/Desktop/coder%20BAckend/clase19-cookies2/src/config/passport.config.js:60:26)\n    at process.processTicksAndRejections (node:internal/process/task_queues:95:5)"}
error: Error during login: data and hash arguments required {"stack":"Error: data and hash arguments required\n    at Object.compareSync (C:\\Users\\Jessy\\Desktop\\coder BAckend\\clase19-cookies2\\node_modules\\bcrypt\\bcrypt.js:166:15)\n    at isValidPassword (file:///C:/Users/Jessy/Desktop/coder%20BAckend/clase19-cookies2/src/utils/utils.js:12:58)\n    at Strategy._verify (file:///C:/Users/Jessy/Desktop/coder%20BAckend/clase19-cookies2/src/config/passport.config.js:60:26)\n    at process.processTicksAndRejections (node:internal/process/task_queues:95:5)"}
error: ❌ ~ passport.use ~ login ~ error: data and hash arguments required {"stack":"Error: data and hash arguments required\n    at Object.compareSync (C:\\Users\\Jessy\\Desktop\\coder BAckend\\clase19-cookies2\\node_modules\\bcrypt\\bcrypt.js:166:15)\n    at isValidPassword (file:///C:/Users/Jessy/Desktop/coder%20BAckend/clase19-cookies2/src/utils/utils.js:12:58)\n    at Strategy._verify (file:///C:/Users/Jessy/Desktop/coder%20BAckend/clase19-cookies2/src/config/passport.config.js:60:26)\n    at process.processTicksAndRejections (node:internal/process/task_queues:95:5)"}
error: Error during login: data and hash arguments required {"stack":"Error: data and hash arguments required\n    at Object.compareSync (C:\\Users\\Jessy\\Desktop\\coder BAckend\\clase19-cookies2\\node_modules\\bcrypt\\bcrypt.js:166:15)\n    at isValidPassword (file:///C:/Users/Jessy/Desktop/coder%20BAckend/clase19-cookies2/src/utils/utils.js:12:58)\n    at Strategy._verify (file:///C:/Users/Jessy/Desktop/coder%20BAckend/clase19-cookies2/src/config/passport.config.js:60:26)\n    at process.processTicksAndRejections (node:internal/process/task_queues:95:5)"}
error: data and hash arguments required
error: data and hash arguments required
error: data and hash arguments required
error: data and hash arguments required
error: No se puede ver los productos
error: No se puede ver los productos
error: No se puede ver los productos
error: No se puede ver los productos
error: No se puede ver los productos
error: No se puede ver los productos
error: No se puede ver los productos
error: No se puede ver los productos
error: No se puede ver los productos
error: No se puede ver los productos
error: No se puede ver los productos
error: Error: Error al agregar un producto al carrito. {"error":"Error registrado"}
error: Este es un mensaje de error
error: Error: Error al agregar un producto al carrito. {"error":"Error registrado"}
error: Este es un mensaje de error
error: Cast to string failed for value "Cart { id: '73bfce01-fa58-4590-8388-2b4da35064ea', products: [] }" (type Cart) at path "_id" for model "Cart"
error: Cast to string failed for value "Cart { id: '95e578dd-a016-4fef-9a93-1398f83e0339', products: [] }" (type Cart) at path "_id" for model "Cart"
error: cart.save is not a function
error: cart.save is not a function
error: undefined
error: undefined
error: undefined
error: Error: Error al completar la compra del carrito. {"error":"Error registrado"}
error: Este es un mensaje de error
error: Error: Error al completar la compra del carrito. {"error":"Error registrado"}
error: Este es un mensaje de error
